2025-04-04 03:45:59.732343 - Received CBT.V508.FILE1023.PDS from FILE1023.XMI 
2025-04-04 03:45:59.733337 - Found $$$#DATE.txt (text/plain) in CBT.V508.FILE1023.PDS, moved to PDS/$$$#DATE
2025-04-04 03:45:59.733475 - Found $$COPYRT.txt (text/plain) in CBT.V508.FILE1023.PDS, moved to PDS/$$COPYRT
2025-04-04 03:45:59.733614 - Found $$NOTE01.txt (text/plain) in CBT.V508.FILE1023.PDS, moved to PDS/$$NOTE01
2025-04-04 03:45:59.733736 - Found $$NOTE02.eml (message/rfc822) in CBT.V508.FILE1023.PDS, moved to PDS/$$NOTE02
2025-04-04 03:45:59.733852 - Found $$README.txt (text/plain) in CBT.V508.FILE1023.PDS, moved to PDS/$$README
2025-04-04 03:45:59.733969 - Found $EXPAND.txt (text/plain) in CBT.V508.FILE1023.PDS, moved to PDS/$EXPAND
2025-04-04 03:45:59.734131 - Found @FIL1023.txt (text/plain) in CBT.V508.FILE1023.PDS, moved to PDS/@FIL1023
2025-04-04 03:45:59.734248 - Found FINALPKG.jcl (text/plain) in CBT.V508.FILE1023.PDS, moved to PDS/FINALPKG
2025-04-04 03:45:59.734361 - Found PACKAGE.jcl (text/plain) in CBT.V508.FILE1023.PDS, moved to PDS/PACKAGE
2025-04-04 03:45:59.734480 - Found TEST$EXP.jcl (text/plain) in CBT.V508.FILE1023.PDS, moved to PDS/TEST$EXP
2025-04-04 03:45:59.734752 - Found XMIDOC.xmi (application/xmit) in CBT.V508.FILE1023.PDS, moved to PDS/XMIDOC.xmi
2025-04-04 03:45:59.977635 - Received SFRH66.PUBLIC.REXXXREF.DOC from XMIDOC.xmi 
2025-04-04 03:45:59.978650 - Found $$FIXES.txt (text/plain) in SFRH66.PUBLIC.REXXXREF.DOC, moved to XMIDOC/$$FIXES
2025-04-04 03:45:59.978799 - Found $$README.txt (text/plain) in SFRH66.PUBLIC.REXXXREF.DOC, moved to XMIDOC/$$README
2025-04-04 03:45:59.978943 - Found $$XMIT.txt (text/plain) in SFRH66.PUBLIC.REXXXREF.DOC, moved to XMIDOC/$$XMIT
2025-04-04 03:45:59.979076 - Found $JCLLIB.txt (text/plain) in SFRH66.PUBLIC.REXXXREF.DOC, moved to XMIDOC/$JCLLIB
2025-04-04 03:45:59.979240 - Found $REXXLIB.rexx (text/plain) in SFRH66.PUBLIC.REXXXREF.DOC, moved to XMIDOC/$REXXLIB
2025-04-04 03:45:59.979356 - Found $SAMPIDX.txt (text/plain) in SFRH66.PUBLIC.REXXXREF.DOC, moved to XMIDOC/$SAMPIDX
2025-04-04 03:45:59.979473 - Found $SAMP01.txt (text/plain) in SFRH66.PUBLIC.REXXXREF.DOC, moved to XMIDOC/$SAMP01
2025-04-04 03:45:59.979659 - Found $SAMP02.txt (text/plain) in SFRH66.PUBLIC.REXXXREF.DOC, moved to XMIDOC/$SAMP02
2025-04-04 03:45:59.979779 - Found $SAMP03.txt (text/plain) in SFRH66.PUBLIC.REXXXREF.DOC, moved to XMIDOC/$SAMP03
2025-04-04 03:45:59.979900 - Found $SAMP04.txt (text/plain) in SFRH66.PUBLIC.REXXXREF.DOC, moved to XMIDOC/$SAMP04
2025-04-04 03:45:59.980015 - Found $SAMP05.txt (text/plain) in SFRH66.PUBLIC.REXXXREF.DOC, moved to XMIDOC/$SAMP05
2025-04-04 03:45:59.980143 - Found $TECHIDX.txt (text/plain) in SFRH66.PUBLIC.REXXXREF.DOC, moved to XMIDOC/$TECHIDX
2025-04-04 03:45:59.980288 - Found $TECH01.txt (text/plain) in SFRH66.PUBLIC.REXXXREF.DOC, moved to XMIDOC/$TECH01
2025-04-04 03:45:59.980411 - Found $TECH02.txt (text/plain) in SFRH66.PUBLIC.REXXXREF.DOC, moved to XMIDOC/$TECH02
2025-04-04 03:45:59.980528 - Found $TECH03.txt (text/plain) in SFRH66.PUBLIC.REXXXREF.DOC, moved to XMIDOC/$TECH03
2025-04-04 03:45:59.980683 - Found $TECH04.txt (text/plain) in SFRH66.PUBLIC.REXXXREF.DOC, moved to XMIDOC/$TECH04
2025-04-04 03:45:59.980810 - Found $TECH05.txt (text/plain) in SFRH66.PUBLIC.REXXXREF.DOC, moved to XMIDOC/$TECH05
2025-04-04 03:45:59.980937 - Found $TECH06.txt (text/plain) in SFRH66.PUBLIC.REXXXREF.DOC, moved to XMIDOC/$TECH06
2025-04-04 03:45:59.981057 - Found $XREFIDX.txt (text/plain) in SFRH66.PUBLIC.REXXXREF.DOC, moved to XMIDOC/$XREFIDX
2025-04-04 03:45:59.981183 - Found $XREF01.txt (text/plain) in SFRH66.PUBLIC.REXXXREF.DOC, moved to XMIDOC/$XREF01
2025-04-04 03:45:59.982102 - Found XMIJCL.xmi (application/xmit) in CBT.V508.FILE1023.PDS, moved to PDS/XMIJCL.xmi
2025-04-04 03:46:00.045788 - Received SFRH66.PUBLIC.REXXXREF.JCL from XMIJCL.xmi 
2025-04-04 03:46:00.046306 - Found $NEWS.txt (text/plain) in SFRH66.PUBLIC.REXXXREF.JCL, moved to XMIJCL/$NEWS
2025-04-04 03:46:00.046461 - Found $README.txt (text/plain) in SFRH66.PUBLIC.REXXXREF.JCL, moved to XMIJCL/$README
2025-04-04 03:46:00.046594 - Found REXXXREF.txt (text/plain) in SFRH66.PUBLIC.REXXXREF.JCL, moved to XMIJCL/REXXXREF
2025-04-04 03:46:00.046721 - Found SAMPLE.jcl (text/plain) in SFRH66.PUBLIC.REXXXREF.JCL, moved to XMIJCL/SAMPLE
2025-04-04 03:46:00.047175 - Found XMIREXX.xmi (application/xmit) in CBT.V508.FILE1023.PDS, moved to PDS/XMIREXX.xmi
2025-04-04 03:46:00.196319 - Received SFRH66.PUBLIC.REXXXREF.REXX from XMIREXX.xmi 
2025-04-04 03:46:00.196900 - Found $README.txt (text/plain) in SFRH66.PUBLIC.REXXXREF.REXX, moved to XMIREXX/$README
2025-04-04 03:46:00.197092 - Found PRETRACE.rexx (text/plain) in SFRH66.PUBLIC.REXXXREF.REXX, moved to XMIREXX/PRETRACE
2025-04-04 03:46:00.197238 - Found PSTTRACE.rexx (text/plain) in SFRH66.PUBLIC.REXXXREF.REXX, moved to XMIREXX/PSTTRACE
2025-04-04 03:46:00.197413 - Found REX$XREF.txt (text/plain) in SFRH66.PUBLIC.REXXXREF.REXX, moved to XMIREXX/REX$XREF
2025-04-04 03:46:00.197557 - Found REX$XRE1.txt (text/plain) in SFRH66.PUBLIC.REXXXREF.REXX, moved to XMIREXX/REX$XRE1
2025-04-04 03:46:00.199576 - Found XMISCAN.xmi (application/xmit) in CBT.V508.FILE1023.PDS, moved to PDS/XMISCAN.xmi
2025-04-04 03:46:01.147572 - Received SFRH66.PUBLIC.REXXXREF.SAMPLE.SCAN from XMISCAN.xmi 
2025-04-04 03:46:01.148476 - Found $$OGINIT.rexx (text/plain) in SFRH66.PUBLIC.REXXXREF.SAMPLE.SCAN, moved to XMISCAN/$$OGINIT
2025-04-04 03:46:01.148616 - Found $SYNTAX.rexx (text/plain) in SFRH66.PUBLIC.REXXXREF.SAMPLE.SCAN, moved to XMISCAN/$SYNTAX
2025-04-04 03:46:01.148749 - Found ATEST.rexx (text/plain) in SFRH66.PUBLIC.REXXXREF.SAMPLE.SCAN, moved to XMISCAN/ATEST
2025-04-04 03:46:01.148908 - Found CHKAPF00.rexx (text/plain) in SFRH66.PUBLIC.REXXXREF.SAMPLE.SCAN, moved to XMISCAN/CHKAPF00
2025-04-04 03:46:01.149078 - Found CMDTBLUP.rexx (text/plain) in SFRH66.PUBLIC.REXXXREF.SAMPLE.SCAN, moved to XMISCAN/CMDTBLUP
2025-04-04 03:46:01.149213 - Found DB2$L508.rexx (text/plain) in SFRH66.PUBLIC.REXXXREF.SAMPLE.SCAN, moved to XMISCAN/DB2$L508
2025-04-04 03:46:01.149342 - Found DB2SKEL.rexx (text/plain) in SFRH66.PUBLIC.REXXXREF.SAMPLE.SCAN, moved to XMISCAN/DB2SKEL
2025-04-04 03:46:01.149493 - Found EDF.rexx (text/plain) in SFRH66.PUBLIC.REXXXREF.SAMPLE.SCAN, moved to XMISCAN/EDF
2025-04-04 03:46:01.149609 - Found FIXOWNER.rexx (text/plain) in SFRH66.PUBLIC.REXXXREF.SAMPLE.SCAN, moved to XMISCAN/FIXOWNER
2025-04-04 03:46:01.149726 - Found FULLSHUT.rexx (text/plain) in SFRH66.PUBLIC.REXXXREF.SAMPLE.SCAN, moved to XMISCAN/FULLSHUT
2025-04-04 03:46:01.149853 - Found GENREVKE.rexx (text/plain) in SFRH66.PUBLIC.REXXXREF.SAMPLE.SCAN, moved to XMISCAN/GENREVKE
2025-04-04 03:46:01.149968 - Found IDMDPRT2.rexx (text/plain) in SFRH66.PUBLIC.REXXXREF.SAMPLE.SCAN, moved to XMISCAN/IDMDPRT2
2025-04-04 03:46:01.150083 - Found IEFBR14Y.rexx (text/plain) in SFRH66.PUBLIC.REXXXREF.SAMPLE.SCAN, moved to XMISCAN/IEFBR14Y
2025-04-04 03:46:01.150193 - Found MEMLIST.rexx (text/plain) in SFRH66.PUBLIC.REXXXREF.SAMPLE.SCAN, moved to XMISCAN/MEMLIST
2025-04-04 03:46:01.150310 - Found NONSENSE.rexx (text/plain) in SFRH66.PUBLIC.REXXXREF.SAMPLE.SCAN, moved to XMISCAN/NONSENSE
2025-04-04 03:46:01.150432 - Found PARTSHUT.rexx (text/plain) in SFRH66.PUBLIC.REXXXREF.SAMPLE.SCAN, moved to XMISCAN/PARTSHUT
2025-04-04 03:46:01.150597 - Found PRETRACE.rexx (text/plain) in SFRH66.PUBLIC.REXXXREF.SAMPLE.SCAN, moved to XMISCAN/PRETRACE
2025-04-04 03:46:01.150716 - Found PSTTRACE.rexx (text/plain) in SFRH66.PUBLIC.REXXXREF.SAMPLE.SCAN, moved to XMISCAN/PSTTRACE
2025-04-04 03:46:01.150833 - Found QWCMDS.rexx (text/plain) in SFRH66.PUBLIC.REXXXREF.SAMPLE.SCAN, moved to XMISCAN/QWCMDS
2025-04-04 03:46:01.150963 - Found RACFDB2.rexx (text/plain) in SFRH66.PUBLIC.REXXXREF.SAMPLE.SCAN, moved to XMISCAN/RACFDB2
2025-04-04 03:46:01.151143 - Found RACFDB2T.rexx (text/plain) in SFRH66.PUBLIC.REXXXREF.SAMPLE.SCAN, moved to XMISCAN/RACFDB2T
2025-04-04 03:46:01.151260 - Found RACLOGIC.rexx (text/plain) in SFRH66.PUBLIC.REXXXREF.SAMPLE.SCAN, moved to XMISCAN/RACLOGIC
2025-04-04 03:46:01.151383 - Found REX$NEW.rexx (text/plain) in SFRH66.PUBLIC.REXXXREF.SAMPLE.SCAN, moved to XMISCAN/REX$NEW
2025-04-04 03:46:01.151534 - Found REX$XREF.rexx (text/plain) in SFRH66.PUBLIC.REXXXREF.SAMPLE.SCAN, moved to XMISCAN/REX$XREF
2025-04-04 03:46:01.151666 - Found REX$XRE2.rexx (text/plain) in SFRH66.PUBLIC.REXXXREF.SAMPLE.SCAN, moved to XMISCAN/REX$XRE2
2025-04-04 03:46:01.151793 - Found SCNDOC1#.rexx (text/plain) in SFRH66.PUBLIC.REXXXREF.SAMPLE.SCAN, moved to XMISCAN/SCNDOC1#
2025-04-04 03:46:01.151930 - Found SCNDOC15.rexx (text/plain) in SFRH66.PUBLIC.REXXXREF.SAMPLE.SCAN, moved to XMISCAN/SCNDOC15
2025-04-04 03:46:01.152045 - Found SHUTTCAS.rexx (text/plain) in SFRH66.PUBLIC.REXXXREF.SAMPLE.SCAN, moved to XMISCAN/SHUTTCAS
2025-04-04 03:46:01.152164 - Found STAT2.rexx (text/plain) in SFRH66.PUBLIC.REXXXREF.SAMPLE.SCAN, moved to XMISCAN/STAT2
2025-04-04 03:46:01.152274 - Found STOPSHUT.rexx (text/plain) in SFRH66.PUBLIC.REXXXREF.SAMPLE.SCAN, moved to XMISCAN/STOPSHUT
2025-04-04 03:46:01.152386 - Found STRANGE.rexx (text/plain) in SFRH66.PUBLIC.REXXXREF.SAMPLE.SCAN, moved to XMISCAN/STRANGE
2025-04-04 03:46:01.152538 - Found TRACES.rexx (text/plain) in SFRH66.PUBLIC.REXXXREF.SAMPLE.SCAN, moved to XMISCAN/TRACES
2025-04-04 03:46:01.152656 - Found ZEQAJCL.rexx (text/plain) in SFRH66.PUBLIC.REXXXREF.SAMPLE.SCAN, moved to XMISCAN/ZEQAJCL
2025-04-04 03:46:01.154908 - Found XMIXREF.xmi (application/xmit) in CBT.V508.FILE1023.PDS, moved to PDS/XMIXREF.xmi
2025-04-04 03:46:02.275364 - Received SFRH66.PUBLIC.REXXXREF.SAMPLE.XREF from XMIXREF.xmi 
2025-04-04 03:46:02.276257 - Found $$OGINIT.txt (text/plain) in SFRH66.PUBLIC.REXXXREF.SAMPLE.XREF, moved to XMIXREF/$$OGINIT
2025-04-04 03:46:02.276448 - Found $SYNTAX.txt (text/plain) in SFRH66.PUBLIC.REXXXREF.SAMPLE.XREF, moved to XMIXREF/$SYNTAX
2025-04-04 03:46:02.276613 - Found ATEST.txt (text/plain) in SFRH66.PUBLIC.REXXXREF.SAMPLE.XREF, moved to XMIXREF/ATEST
2025-04-04 03:46:02.276799 - Found CHKAPF00.txt (text/plain) in SFRH66.PUBLIC.REXXXREF.SAMPLE.XREF, moved to XMIXREF/CHKAPF00
2025-04-04 03:46:02.276921 - Found CMDTBLUP.txt (text/plain) in SFRH66.PUBLIC.REXXXREF.SAMPLE.XREF, moved to XMIXREF/CMDTBLUP
2025-04-04 03:46:02.277070 - Found DB2$L508.txt (text/plain) in SFRH66.PUBLIC.REXXXREF.SAMPLE.XREF, moved to XMIXREF/DB2$L508
2025-04-04 03:46:02.277208 - Found DB2SKEL.txt (text/plain) in SFRH66.PUBLIC.REXXXREF.SAMPLE.XREF, moved to XMIXREF/DB2SKEL
2025-04-04 03:46:02.277336 - Found EDF.txt (text/plain) in SFRH66.PUBLIC.REXXXREF.SAMPLE.XREF, moved to XMIXREF/EDF
2025-04-04 03:46:02.277485 - Found FIXOWNER.txt (text/plain) in SFRH66.PUBLIC.REXXXREF.SAMPLE.XREF, moved to XMIXREF/FIXOWNER
2025-04-04 03:46:02.277614 - Found FULLSHUT.txt (text/plain) in SFRH66.PUBLIC.REXXXREF.SAMPLE.XREF, moved to XMIXREF/FULLSHUT
2025-04-04 03:46:02.277768 - Found GENREVKE.txt (text/plain) in SFRH66.PUBLIC.REXXXREF.SAMPLE.XREF, moved to XMIXREF/GENREVKE
2025-04-04 03:46:02.277890 - Found IDMDPRT2.txt (text/plain) in SFRH66.PUBLIC.REXXXREF.SAMPLE.XREF, moved to XMIXREF/IDMDPRT2
2025-04-04 03:46:02.278083 - Found IEFBR14Y.txt (text/plain) in SFRH66.PUBLIC.REXXXREF.SAMPLE.XREF, moved to XMIXREF/IEFBR14Y
2025-04-04 03:46:02.278207 - Found MEMLIST.txt (text/plain) in SFRH66.PUBLIC.REXXXREF.SAMPLE.XREF, moved to XMIXREF/MEMLIST
2025-04-04 03:46:02.278333 - Found NONSENSE.txt (text/plain) in SFRH66.PUBLIC.REXXXREF.SAMPLE.XREF, moved to XMIXREF/NONSENSE
2025-04-04 03:46:02.278621 - Found PARTSHUT.txt (text/plain) in SFRH66.PUBLIC.REXXXREF.SAMPLE.XREF, moved to XMIXREF/PARTSHUT
2025-04-04 03:46:02.278803 - Found PRETRACE.txt (text/plain) in SFRH66.PUBLIC.REXXXREF.SAMPLE.XREF, moved to XMIXREF/PRETRACE
2025-04-04 03:46:02.278949 - Found PSTTRACE.txt (text/plain) in SFRH66.PUBLIC.REXXXREF.SAMPLE.XREF, moved to XMIXREF/PSTTRACE
2025-04-04 03:46:02.279092 - Found QWCMDS.txt (text/plain) in SFRH66.PUBLIC.REXXXREF.SAMPLE.XREF, moved to XMIXREF/QWCMDS
2025-04-04 03:46:02.279236 - Found RACFDB2.txt (text/plain) in SFRH66.PUBLIC.REXXXREF.SAMPLE.XREF, moved to XMIXREF/RACFDB2
2025-04-04 03:46:02.279489 - Found RACFDB2T.txt (text/plain) in SFRH66.PUBLIC.REXXXREF.SAMPLE.XREF, moved to XMIXREF/RACFDB2T
2025-04-04 03:46:02.279665 - Found RACLOGIC.txt (text/plain) in SFRH66.PUBLIC.REXXXREF.SAMPLE.XREF, moved to XMIXREF/RACLOGIC
2025-04-04 03:46:02.279970 - Found REX$XREF.txt (text/plain) in SFRH66.PUBLIC.REXXXREF.SAMPLE.XREF, moved to XMIXREF/REX$XREF
2025-04-04 03:46:02.280117 - Found REX$XRE2.txt (text/plain) in SFRH66.PUBLIC.REXXXREF.SAMPLE.XREF, moved to XMIXREF/REX$XRE2
2025-04-04 03:46:02.280231 - Found SCNDOC15.txt (text/plain) in SFRH66.PUBLIC.REXXXREF.SAMPLE.XREF, moved to XMIXREF/SCNDOC15
2025-04-04 03:46:02.280386 - Found SHUTTCAS.txt (text/plain) in SFRH66.PUBLIC.REXXXREF.SAMPLE.XREF, moved to XMIXREF/SHUTTCAS
2025-04-04 03:46:02.280522 - Found STAT2.txt (text/plain) in SFRH66.PUBLIC.REXXXREF.SAMPLE.XREF, moved to XMIXREF/STAT2
2025-04-04 03:46:02.280659 - Found STOPSHUT.txt (text/plain) in SFRH66.PUBLIC.REXXXREF.SAMPLE.XREF, moved to XMIXREF/STOPSHUT
2025-04-04 03:46:02.280805 - Found STRANGE.txt (text/plain) in SFRH66.PUBLIC.REXXXREF.SAMPLE.XREF, moved to XMIXREF/STRANGE
2025-04-04 03:46:02.280946 - Found ZEQAJCL.txt (text/plain) in SFRH66.PUBLIC.REXXXREF.SAMPLE.XREF, moved to XMIXREF/ZEQAJCL
